Release 14.7 - xst P.20131013 (nt)
Copyright (c) 1995-2013 Xilinx, Inc.  All rights reserved.
--> Parameter TMPDIR set to xst/projnav.tmp


Total REAL time to Xst completion: 0.00 secs
Total CPU time to Xst completion: 0.11 secs
 
--> Parameter xsthdpdir set to xst


Total REAL time to Xst completion: 0.00 secs
Total CPU time to Xst completion: 0.11 secs
 
--> Reading design: fontROM.prj

TABLE OF CONTENTS
  1) Synthesis Options Summary
  2) HDL Compilation
  3) Design Hierarchy Analysis
  4) HDL Analysis
  5) HDL Synthesis
     5.1) HDL Synthesis Report
  6) Advanced HDL Synthesis
     6.1) Advanced HDL Synthesis Report
  7) Low Level Synthesis
  8) Partition Report
  9) Final Report
	9.1) Device utilization summary
	9.2) Partition Resource Summary
	9.3) TIMING REPORT


=========================================================================
*                      Synthesis Options Summary                        *
=========================================================================
---- Source Parameters
Input File Name                    : "fontROM.prj"
Input Format                       : mixed
Ignore Synthesis Constraint File   : NO

---- Target Parameters
Output File Name                   : "fontROM"
Output Format                      : NGC
Target Device                      : xc3s1200e-4-fg320

---- Source Options
Top Module Name                    : fontROM
Automatic FSM Extraction           : YES
FSM Encoding Algorithm             : Auto
Safe Implementation                : No
FSM Style                          : LUT
RAM Extraction                     : Yes
RAM Style                          : Auto
ROM Extraction                     : Yes
Mux Style                          : Auto
Decoder Extraction                 : YES
Priority Encoder Extraction        : Yes
Shift Register Extraction          : YES
Logical Shifter Extraction         : YES
XOR Collapsing                     : YES
ROM Style                          : Auto
Mux Extraction                     : Yes
Resource Sharing                   : YES
Asynchronous To Synchronous        : NO
Multiplier Style                   : Auto
Automatic Register Balancing       : No

---- Target Options
Add IO Buffers                     : YES
Global Maximum Fanout              : 100000
Add Generic Clock Buffer(BUFG)     : 24
Register Duplication               : YES
Slice Packing                      : YES
Optimize Instantiated Primitives   : NO
Use Clock Enable                   : Yes
Use Synchronous Set                : Yes
Use Synchronous Reset              : Yes
Pack IO Registers into IOBs        : Auto
Equivalent register Removal        : YES

---- General Options
Optimization Goal                  : Speed
Optimization Effort                : 1
Keep Hierarchy                     : No
Netlist Hierarchy                  : As_Optimized
RTL Output                         : Yes
Global Optimization                : AllClockNets
Read Cores                         : YES
Write Timing Constraints           : NO
Cross Clock Analysis               : NO
Hierarchy Separator                : /
Bus Delimiter                      : <>
Case Specifier                     : Maintain
Slice Utilization Ratio            : 100
BRAM Utilization Ratio             : 100
Verilog 2001                       : YES
Auto BRAM Packing                  : NO
Slice Utilization Ratio Delta      : 5

=========================================================================


=========================================================================
*                          HDL Compilation                              *
=========================================================================
WARNING:HDLParsers:3607 - Unit work/fontROM is now defined in a different file.  It was defined in "C:/Projects/myVGA/digital_rom.vhd", and is now defined in "C:/Projects/myVGA/font_rom.vhd".
WARNING:HDLParsers:3607 - Unit work/fontROM/Behavioral is now defined in a different file.  It was defined in "C:/Projects/myVGA/digital_rom.vhd", and is now defined in "C:/Projects/myVGA/font_rom.vhd".
Compiling vhdl file "C:/Projects/myVGA/font_rom.vhd" in Library work.
Entity <fontrom> compiled.
Entity <fontrom> (Architecture <behavioral>) compiled.

=========================================================================
*                     Design Hierarchy Analysis                         *
=========================================================================
Analyzing hierarchy for entity <fontROM> in library <work> (architecture <behavioral>).


=========================================================================
*                            HDL Analysis                               *
=========================================================================
Analyzing Entity <fontROM> in library <work> (Architecture <behavioral>).
Entity <fontROM> analyzed. Unit <fontROM> generated.


=========================================================================
*                           HDL Synthesis                               *
=========================================================================

Performing bidirectional port resolution...

Synthesizing Unit <fontROM>.
    Related source file is "C:/Projects/myVGA/font_rom.vhd".
WARNING:Xst:1781 - Signal <ROM> is used but never assigned. Tied to default value.
    Found 2048x8-bit ROM for signal <dataOut$varindex0000> created at line 2212.
    Found 1-bit 8-to-1 multiplexer for signal <dataOut>.
    Summary:
	inferred   1 ROM(s).
	inferred   1 Multiplexer(s).
Unit <fontROM> synthesized.


=========================================================================
HDL Synthesis Report

Macro Statistics
# ROMs                                                 : 1
 2048x8-bit ROM                                        : 1
# Multiplexers                                         : 1
 1-bit 8-to-1 multiplexer                              : 1

=========================================================================

=========================================================================
*                       Advanced HDL Synthesis                          *
=========================================================================


=========================================================================
Advanced HDL Synthesis Report

Macro Statistics
# ROMs                                                 : 1
 2048x8-bit ROM                                        : 1
# Multiplexers                                         : 1
 1-bit 8-to-1 multiplexer                              : 1

=========================================================================

=========================================================================
*                         Low Level Synthesis                           *
=========================================================================

Optimizing unit <fontROM> ...

Mapping all equations...
Building and optimizing final netlist ...
Found area constraint ratio of 100 (+ 5) on block fontROM, actual ratio is 4.

Final Macro Processing ...

=========================================================================
Final Register Report

Found no macro
=========================================================================

=========================================================================
*                           Partition Report                            *
=========================================================================

Partition Implementation Status
-------------------------------

  No Partitions were found in this design.

-------------------------------

=========================================================================
*                            Final Report                               *
=========================================================================
Final Results
RTL Top Level Output File Name     : fontROM.ngr
Top Level Output File Name         : fontROM
Output Format                      : NGC
Optimization Goal                  : Speed
Keep Hierarchy                     : No

Design Statistics
# IOs                              : 15

Cell Usage :
# BELS                             : 1004
#      GND                         : 1
#      LUT2                        : 25
#      LUT3                        : 151
#      LUT4                        : 468
#      MUXF5                       : 232
#      MUXF6                       : 85
#      MUXF7                       : 32
#      MUXF8                       : 10
# IO Buffers                       : 15
#      IBUF                        : 14
#      OBUF                        : 1
=========================================================================

Device utilization summary:
---------------------------

Selected Device : 3s1200efg320-4 

 Number of Slices:                      350  out of   8672     4%  
 Number of 4 input LUTs:                644  out of  17344     3%  
 Number of IOs:                          15
 Number of bonded IOBs:                  15  out of    250     6%  

---------------------------
Partition Resource Summary:
---------------------------

  No Partitions were found in this design.

---------------------------


=========================================================================
TIMING REPORT

NOTE: THESE TIMING NUMBERS ARE ONLY A SYNTHESIS ESTIMATE.
      FOR ACCURATE TIMING INFORMATION PLEASE REFER TO THE TRACE REPORT
      GENERATED AFTER PLACE-and-ROUTE.

Clock Information:
------------------
No clock signals found in this design

Asynchronous Control Signals Information:
----------------------------------------
No asynchronous control signals found in this design

Timing Summary:
---------------
Speed Grade: -4

   Minimum period: No path found
   Minimum input arrival time before clock: No path found
   Maximum output required time after clock: No path found
   Maximum combinational path delay: 16.684ns

Timing Detail:
--------------
All values displayed in nanoseconds (ns)

=========================================================================
Timing constraint: Default path analysis
  Total number of paths / destination ports: 4816 / 1
-------------------------------------------------------------------------
Delay:               16.684ns (Levels of Logic = 13)
  Source:            row_addr<3> (PAD)
  Destination:       dataOut (PAD)

  Data Path: row_addr<3> to dataOut
                                Gate     Net
    Cell:in->out      fanout   Delay   Delay  Logical Name (Net Name)
    ----------------------------------------  ------------
     IBUF:I->O           194   1.218   1.488  row_addr_3_IBUF (row_addr_3_IBUF)
     LUT2:I0->O           40   0.704   1.440  row_addr<4>131 (Mrom_dataOut_varindex0000110)
     LUT4:I0->O            2   0.704   0.482  Mmux_dataOut_1928 (Mmux_dataOut_1925)
     LUT3:I2->O            1   0.704   0.000  Mmux_dataOut_192 (Mmux_dataOut_192)
     MUXF5:I1->O           1   0.321   0.499  Mmux_dataOut_18_f5_0 (Mmux_dataOut_18_f51)
     LUT3:I1->O            1   0.704   0.455  row_addr<7>3 (row_addr<7>1)
     LUT3:I2->O            1   0.704   0.000  Mmux_dataOut_11 (Mmux_dataOut_11)
     MUXF5:I1->O           1   0.321   0.000  Mmux_dataOut_10_f5 (Mmux_dataOut_10_f5)
     MUXF6:I1->O           1   0.521   0.499  Mmux_dataOut_9_f6 (Mmux_dataOut_9_f6)
     LUT3:I1->O            1   0.704   0.499  col_addr<0>2 (col_addr<0>1)
     LUT3:I1->O            1   0.704   0.000  Mmux_dataOut_3 (Mmux_dataOut_3)
     MUXF5:I1->O           1   0.321   0.420  Mmux_dataOut_2_f5 (dataOut_OBUF)
     OBUF:I->O                 3.272          dataOut_OBUF (dataOut)
    ----------------------------------------
    Total                     16.684ns (10.902ns logic, 5.782ns route)
                                       (65.3% logic, 34.7% route)

=========================================================================


Total REAL time to Xst completion: 10.00 secs
Total CPU time to Xst completion: 10.23 secs
 
--> 

Total memory usage is 211808 kilobytes

Number of errors   :    0 (   0 filtered)
Number of warnings :    3 (   0 filtered)
Number of infos    :    0 (   0 filtered)

